<?xml version="1.0" encoding="UTF-8"?>
<!-- Generated by org.testng.reporters.JUnitReportReporter -->
<testsuite skipped="0" hostname="6DR89R2" name="DataProviderTests.DataProviderTest" tests="2" failures="0" timestamp="27 Dec 2018 08:37:55 GMT" time="17.494" errors="0">
  <testcase name="googleTest" time="8.565" classname="DataProviderTests.DataProviderTest"/>
  <testcase name="googleTest" time="8.929" classname="DataProviderTests.DataProviderTest"/>
</testsuite> <!-- DataProviderTests.DataProviderTest -->
